INFO:root:No module named 'Crypto'
DEBUG:geventwebsocket.handler:Initializing WebSocket
DEBUG:geventwebsocket.handler:Validating WebSocket request
INFO:geventwebsocket.handler:127.0.0.1 - - [2022-09-28 21:49:09] "GET /index.html HTTP/1.1" 200 929 0.003002
DEBUG:geventwebsocket.handler:Initializing WebSocket
DEBUG:geventwebsocket.handler:Validating WebSocket request
INFO:geventwebsocket.handler:127.0.0.1 - - [2022-09-28 21:49:09] "GET /static/js/main.76e744c3.js HTTP/1.1" 200 146753 0.003998
DEBUG:geventwebsocket.handler:Initializing WebSocket
DEBUG:geventwebsocket.handler:Validating WebSocket request
INFO:geventwebsocket.handler:127.0.0.1 - - [2022-09-28 21:49:09] "GET /static/css/main.389d3c42.css HTTP/1.1" 200 6371 0.003000
DEBUG:geventwebsocket.handler:Initializing WebSocket
DEBUG:geventwebsocket.handler:Validating WebSocket request
INFO:geventwebsocket.handler:127.0.0.1 - - [2022-09-28 21:49:09] "GET /eel.js HTTP/1.1" 200 6211 0.000996
DEBUG:geventwebsocket.handler:Initializing WebSocket
DEBUG:geventwebsocket.handler:Validating WebSocket request
DEBUG:geventwebsocket.handler:Attempting to upgrade connection
DEBUG:geventwebsocket.handler:WebSocket request accepted, switching protocols
DEBUG:geventwebsocket.handler:Initializing WebSocket
DEBUG:geventwebsocket.handler:Validating WebSocket request
INFO:geventwebsocket.handler:127.0.0.1 - - [2022-09-28 21:49:09] "GET /manifest.json HTTP/1.1" 200 719 0.002046
DEBUG:geventwebsocket.handler:Initializing WebSocket
DEBUG:geventwebsocket.handler:Validating WebSocket request
INFO:geventwebsocket.handler:127.0.0.1 - - [2022-09-28 21:49:09] "GET /logo192.png HTTP/1.1" 200 5543 0.002074
DEBUG:geventwebsocket.handler:Initializing WebSocket
DEBUG:geventwebsocket.handler:Validating WebSocket request
INFO:geventwebsocket.handler:127.0.0.1 - - [2022-09-28 21:49:13] "GET /eel.js HTTP/1.1" 200 6211 0.001010
DEBUG:geventwebsocket.handler:Initializing WebSocket
DEBUG:geventwebsocket.handler:Validating WebSocket request
DEBUG:geventwebsocket.handler:Attempting to upgrade connection
DEBUG:geventwebsocket.handler:WebSocket request accepted, switching protocols
DEBUG:geventwebsocket.handler:Closed WebSocket
DEBUG:geventwebsocket.handler:Failed to write closing frame -> closing socket
DEBUG:geventwebsocket.handler:Closed WebSocket
DEBUG:geventwebsocket.handler:Initializing WebSocket
DEBUG:geventwebsocket.handler:Validating WebSocket request
INFO:geventwebsocket.handler:127.0.0.1 - - [2022-09-28 21:50:19] "GET /eel.js HTTP/1.1" 200 6211 0.001001
DEBUG:geventwebsocket.handler:Initializing WebSocket
DEBUG:geventwebsocket.handler:Validating WebSocket request
DEBUG:geventwebsocket.handler:Attempting to upgrade connection
DEBUG:geventwebsocket.handler:WebSocket request accepted, switching protocols
DEBUG:geventwebsocket.handler:Closed WebSocket
DEBUG:geventwebsocket.handler:Failed to write closing frame -> closing socket
DEBUG:geventwebsocket.handler:Closed WebSocket
DEBUG:geventwebsocket.handler:Initializing WebSocket
DEBUG:geventwebsocket.handler:Validating WebSocket request
INFO:geventwebsocket.handler:127.0.0.1 - - [2022-09-28 21:50:56] "GET /eel.js HTTP/1.1" 200 6211 0.001000
DEBUG:geventwebsocket.handler:Initializing WebSocket
DEBUG:geventwebsocket.handler:Validating WebSocket request
DEBUG:geventwebsocket.handler:Attempting to upgrade connection
DEBUG:geventwebsocket.handler:WebSocket request accepted, switching protocols
DEBUG:geventwebsocket.handler:Closed WebSocket
DEBUG:geventwebsocket.handler:Failed to write closing frame -> closing socket
DEBUG:geventwebsocket.handler:Closed WebSocket
DEBUG:geventwebsocket.handler:Initializing WebSocket
DEBUG:geventwebsocket.handler:Validating WebSocket request
INFO:geventwebsocket.handler:127.0.0.1 - - [2022-09-28 21:51:14] "GET /eel.js HTTP/1.1" 200 6211 0.000999
DEBUG:geventwebsocket.handler:Initializing WebSocket
DEBUG:geventwebsocket.handler:Validating WebSocket request
DEBUG:geventwebsocket.handler:Attempting to upgrade connection
DEBUG:geventwebsocket.handler:WebSocket request accepted, switching protocols
INFO:root:No module named 'Crypto'
INFO:root:No module named 'Crypto'
INFO:root:No module named 'Crypto'
INFO:root:No module named 'Crypto'
DEBUG:geventwebsocket.handler:Initializing WebSocket
DEBUG:geventwebsocket.handler:Validating WebSocket request
INFO:geventwebsocket.handler:127.0.0.1 - - [2022-10-23 23:41:34] "GET /index.html HTTP/1.1" 200 929 0.003999
DEBUG:geventwebsocket.handler:Initializing WebSocket
DEBUG:geventwebsocket.handler:Validating WebSocket request
INFO:geventwebsocket.handler:127.0.0.1 - - [2022-10-23 23:41:34] "GET /static/js/main.76e744c3.js HTTP/1.1" 200 146753 0.003001
DEBUG:geventwebsocket.handler:Initializing WebSocket
DEBUG:geventwebsocket.handler:Validating WebSocket request
INFO:geventwebsocket.handler:127.0.0.1 - - [2022-10-23 23:41:34] "GET /static/css/main.389d3c42.css HTTP/1.1" 200 6371 0.014999
DEBUG:geventwebsocket.handler:Initializing WebSocket
DEBUG:geventwebsocket.handler:Validating WebSocket request
INFO:geventwebsocket.handler:127.0.0.1 - - [2022-10-23 23:41:34] "GET /eel.js HTTP/1.1" 200 6211 0.000999
DEBUG:geventwebsocket.handler:Initializing WebSocket
DEBUG:geventwebsocket.handler:Validating WebSocket request
DEBUG:geventwebsocket.handler:Attempting to upgrade connection
DEBUG:geventwebsocket.handler:WebSocket request accepted, switching protocols
DEBUG:geventwebsocket.handler:Initializing WebSocket
DEBUG:geventwebsocket.handler:Validating WebSocket request
INFO:geventwebsocket.handler:127.0.0.1 - - [2022-10-23 23:41:35] "GET /manifest.json HTTP/1.1" 200 719 0.009045
DEBUG:geventwebsocket.handler:Initializing WebSocket
DEBUG:geventwebsocket.handler:Validating WebSocket request
INFO:geventwebsocket.handler:127.0.0.1 - - [2022-10-23 23:41:35] "GET /logo192.png HTTP/1.1" 200 5543 0.003106
DEBUG:geventwebsocket.handler:Initializing WebSocket
DEBUG:geventwebsocket.handler:Validating WebSocket request
INFO:geventwebsocket.handler:127.0.0.1 - - [2022-10-23 23:42:12] "GET /eel.js HTTP/1.1" 200 6211 0.002002
DEBUG:geventwebsocket.handler:Initializing WebSocket
DEBUG:geventwebsocket.handler:Validating WebSocket request
DEBUG:geventwebsocket.handler:Attempting to upgrade connection
DEBUG:geventwebsocket.handler:WebSocket request accepted, switching protocols
DEBUG:geventwebsocket.handler:Closed WebSocket
DEBUG:geventwebsocket.handler:Failed to write closing frame -> closing socket
DEBUG:geventwebsocket.handler:Closed WebSocket
DEBUG:geventwebsocket.handler:Closed WebSocket
DEBUG:geventwebsocket.handler:Failed to write closing frame -> closing socket
DEBUG:geventwebsocket.handler:Closed WebSocket
DEBUG:geventwebsocket.handler:Initializing WebSocket
DEBUG:geventwebsocket.handler:Validating WebSocket request
INFO:geventwebsocket.handler:127.0.0.1 - - [2022-10-23 23:52:26] "GET /eel.js HTTP/1.1" 200 6211 0.003000
DEBUG:geventwebsocket.handler:Initializing WebSocket
DEBUG:geventwebsocket.handler:Validating WebSocket request
INFO:geventwebsocket.handler:127.0.0.1 - - [2022-10-23 23:52:40] "GET /index.html HTTP/1.1" 200 929 0.001997
DEBUG:geventwebsocket.handler:Initializing WebSocket
DEBUG:geventwebsocket.handler:Validating WebSocket request
INFO:geventwebsocket.handler:127.0.0.1 - - [2022-10-23 23:52:40] "GET /static/js/main.76e744c3.js HTTP/1.1" 200 146753 0.006003
DEBUG:geventwebsocket.handler:Initializing WebSocket
DEBUG:geventwebsocket.handler:Validating WebSocket request
INFO:geventwebsocket.handler:127.0.0.1 - - [2022-10-23 23:52:40] "GET /static/css/main.389d3c42.css HTTP/1.1" 200 6371 0.001998
DEBUG:geventwebsocket.handler:Initializing WebSocket
DEBUG:geventwebsocket.handler:Validating WebSocket request
INFO:geventwebsocket.handler:127.0.0.1 - - [2022-10-23 23:52:40] "GET /eel.js HTTP/1.1" 200 6211 0.002000
DEBUG:geventwebsocket.handler:Initializing WebSocket
DEBUG:geventwebsocket.handler:Validating WebSocket request
DEBUG:geventwebsocket.handler:Attempting to upgrade connection
DEBUG:geventwebsocket.handler:WebSocket request accepted, switching protocols
DEBUG:geventwebsocket.handler:Initializing WebSocket
DEBUG:geventwebsocket.handler:Validating WebSocket request
INFO:geventwebsocket.handler:127.0.0.1 - - [2022-10-23 23:52:40] "GET /manifest.json HTTP/1.1" 200 719 0.002998
DEBUG:geventwebsocket.handler:Initializing WebSocket
DEBUG:geventwebsocket.handler:Validating WebSocket request
INFO:geventwebsocket.handler:127.0.0.1 - - [2022-10-23 23:52:40] "GET /logo192.png HTTP/1.1" 200 5543 0.004000
DEBUG:geventwebsocket.handler:Initializing WebSocket
DEBUG:geventwebsocket.handler:Validating WebSocket request
INFO:geventwebsocket.handler:127.0.0.1 - - [2022-10-23 23:52:43] "GET /eel.js HTTP/1.1" 200 6211 0.000000
DEBUG:geventwebsocket.handler:Initializing WebSocket
DEBUG:geventwebsocket.handler:Validating WebSocket request
DEBUG:geventwebsocket.handler:Attempting to upgrade connection
DEBUG:geventwebsocket.handler:WebSocket request accepted, switching protocols
DEBUG:geventwebsocket.handler:Closed WebSocket
DEBUG:geventwebsocket.handler:Failed to write closing frame -> closing socket
DEBUG:geventwebsocket.handler:Closed WebSocket
DEBUG:geventwebsocket.handler:Initializing WebSocket
DEBUG:geventwebsocket.handler:Validating WebSocket request
INFO:geventwebsocket.handler:127.0.0.1 - - [2022-10-23 23:55:05] "GET /eel.js HTTP/1.1" 200 6211 0.001001
DEBUG:geventwebsocket.handler:Initializing WebSocket
DEBUG:geventwebsocket.handler:Validating WebSocket request
DEBUG:geventwebsocket.handler:Attempting to upgrade connection
DEBUG:geventwebsocket.handler:WebSocket request accepted, switching protocols
DEBUG:geventwebsocket.handler:Closed WebSocket
DEBUG:geventwebsocket.handler:Failed to write closing frame -> closing socket
DEBUG:geventwebsocket.handler:Closed WebSocket
DEBUG:geventwebsocket.handler:Initializing WebSocket
DEBUG:geventwebsocket.handler:Validating WebSocket request
INFO:geventwebsocket.handler:127.0.0.1 - - [2022-10-23 23:55:16] "GET /eel.js HTTP/1.1" 200 6211 0.004998
DEBUG:geventwebsocket.handler:Initializing WebSocket
DEBUG:geventwebsocket.handler:Validating WebSocket request
DEBUG:geventwebsocket.handler:Attempting to upgrade connection
DEBUG:geventwebsocket.handler:WebSocket request accepted, switching protocols
DEBUG:geventwebsocket.handler:Initializing WebSocket
DEBUG:geventwebsocket.handler:Validating WebSocket request
INFO:geventwebsocket.handler:127.0.0.1 - - [2022-10-23 23:55:46] "GET /eel.js HTTP/1.1" 200 6211 0.002000
DEBUG:geventwebsocket.handler:Initializing WebSocket
DEBUG:geventwebsocket.handler:Validating WebSocket request
INFO:geventwebsocket.handler:127.0.0.1 - - [2022-10-23 23:55:46] "GET /index.html HTTP/1.1" 200 929 0.003999
DEBUG:geventwebsocket.handler:Initializing WebSocket
DEBUG:geventwebsocket.handler:Validating WebSocket request
INFO:geventwebsocket.handler:127.0.0.1 - - [2022-10-23 23:55:46] "GET /static/js/main.76e744c3.js HTTP/1.1" 200 146753 0.007999
DEBUG:geventwebsocket.handler:Initializing WebSocket
DEBUG:geventwebsocket.handler:Validating WebSocket request
INFO:geventwebsocket.handler:127.0.0.1 - - [2022-10-23 23:55:46] "GET /static/css/main.389d3c42.css HTTP/1.1" 200 6371 0.002001
DEBUG:geventwebsocket.handler:Initializing WebSocket
DEBUG:geventwebsocket.handler:Validating WebSocket request
INFO:geventwebsocket.handler:127.0.0.1 - - [2022-10-23 23:55:46] "GET /eel.js HTTP/1.1" 200 6211 0.002002
DEBUG:geventwebsocket.handler:Initializing WebSocket
DEBUG:geventwebsocket.handler:Validating WebSocket request
DEBUG:geventwebsocket.handler:Attempting to upgrade connection
DEBUG:geventwebsocket.handler:WebSocket request accepted, switching protocols
DEBUG:geventwebsocket.handler:Initializing WebSocket
DEBUG:geventwebsocket.handler:Validating WebSocket request
INFO:geventwebsocket.handler:127.0.0.1 - - [2022-10-23 23:55:47] "GET /manifest.json HTTP/1.1" 200 719 0.002997
DEBUG:geventwebsocket.handler:Initializing WebSocket
DEBUG:geventwebsocket.handler:Validating WebSocket request
INFO:geventwebsocket.handler:127.0.0.1 - - [2022-10-23 23:55:47] "GET /logo192.png HTTP/1.1" 200 5543 0.005000
DEBUG:geventwebsocket.handler:Initializing WebSocket
DEBUG:geventwebsocket.handler:Validating WebSocket request
DEBUG:geventwebsocket.handler:Attempting to upgrade connection
DEBUG:geventwebsocket.handler:WebSocket request accepted, switching protocols
DEBUG:geventwebsocket.handler:Initializing WebSocket
DEBUG:geventwebsocket.handler:Validating WebSocket request
INFO:geventwebsocket.handler:127.0.0.1 - - [2022-10-24 12:01:21] "GET /index.html HTTP/1.1" 200 929 0.003998
DEBUG:geventwebsocket.handler:Initializing WebSocket
DEBUG:geventwebsocket.handler:Validating WebSocket request
INFO:geventwebsocket.handler:127.0.0.1 - - [2022-10-24 12:01:21] "GET /static/js/main.76e744c3.js HTTP/1.1" 200 146753 0.004000
DEBUG:geventwebsocket.handler:Initializing WebSocket
DEBUG:geventwebsocket.handler:Validating WebSocket request
INFO:geventwebsocket.handler:127.0.0.1 - - [2022-10-24 12:01:21] "GET /eel.js HTTP/1.1" 200 6211 0.001001
DEBUG:geventwebsocket.handler:Initializing WebSocket
DEBUG:geventwebsocket.handler:Validating WebSocket request
INFO:geventwebsocket.handler:127.0.0.1 - - [2022-10-24 12:01:21] "GET /static/css/main.389d3c42.css HTTP/1.1" 200 6371 0.003000
DEBUG:geventwebsocket.handler:Initializing WebSocket
DEBUG:geventwebsocket.handler:Validating WebSocket request
INFO:geventwebsocket.handler:127.0.0.1 - - [2022-10-24 12:01:21] "GET /favicon.ico HTTP/1.1" 200 4069 0.005999
DEBUG:geventwebsocket.handler:Initializing WebSocket
DEBUG:geventwebsocket.handler:Validating WebSocket request
DEBUG:geventwebsocket.handler:Attempting to upgrade connection
DEBUG:geventwebsocket.handler:WebSocket request accepted, switching protocols
DEBUG:geventwebsocket.handler:Initializing WebSocket
DEBUG:geventwebsocket.handler:Validating WebSocket request
INFO:geventwebsocket.handler:127.0.0.1 - - [2022-10-24 12:01:22] "GET /manifest.json HTTP/1.1" 200 719 0.001970
DEBUG:geventwebsocket.handler:Initializing WebSocket
DEBUG:geventwebsocket.handler:Validating WebSocket request
INFO:geventwebsocket.handler:127.0.0.1 - - [2022-10-24 12:01:22] "GET /logo192.png HTTP/1.1" 200 5543 0.001973
DEBUG:geventwebsocket.handler:Initializing WebSocket
DEBUG:geventwebsocket.handler:Validating WebSocket request
INFO:geventwebsocket.handler:127.0.0.1 - - [2022-10-24 12:01:24] "GET /eel.js HTTP/1.1" 200 6211 0.001002
DEBUG:geventwebsocket.handler:Initializing WebSocket
DEBUG:geventwebsocket.handler:Validating WebSocket request
INFO:geventwebsocket.handler:127.0.0.1 - - [2022-10-24 12:01:37] "GET /eel.js HTTP/1.1" 200 6211 0.000998
DEBUG:geventwebsocket.handler:Initializing WebSocket
DEBUG:geventwebsocket.handler:Validating WebSocket request
DEBUG:geventwebsocket.handler:Attempting to upgrade connection
DEBUG:geventwebsocket.handler:WebSocket request accepted, switching protocols
DEBUG:geventwebsocket.handler:Closed WebSocket
DEBUG:geventwebsocket.handler:Failed to write closing frame -> closing socket
DEBUG:geventwebsocket.handler:Closed WebSocket
DEBUG:geventwebsocket.handler:Initializing WebSocket
DEBUG:geventwebsocket.handler:Validating WebSocket request
INFO:geventwebsocket.handler:127.0.0.1 - - [2022-10-24 12:05:01] "GET /eel.js HTTP/1.1" 200 6211 0.004000
DEBUG:geventwebsocket.handler:Initializing WebSocket
DEBUG:geventwebsocket.handler:Validating WebSocket request
DEBUG:geventwebsocket.handler:Attempting to upgrade connection
DEBUG:geventwebsocket.handler:WebSocket request accepted, switching protocols
DEBUG:geventwebsocket.handler:Closed WebSocket
DEBUG:geventwebsocket.handler:Failed to write closing frame -> closing socket
DEBUG:geventwebsocket.handler:Closed WebSocket
DEBUG:geventwebsocket.handler:Initializing WebSocket
DEBUG:geventwebsocket.handler:Validating WebSocket request
INFO:geventwebsocket.handler:127.0.0.1 - - [2022-10-24 12:05:50] "GET /eel.js HTTP/1.1" 200 6211 0.001000
DEBUG:geventwebsocket.handler:Initializing WebSocket
DEBUG:geventwebsocket.handler:Validating WebSocket request
DEBUG:geventwebsocket.handler:Attempting to upgrade connection
DEBUG:geventwebsocket.handler:WebSocket request accepted, switching protocols
DEBUG:geventwebsocket.handler:Closed WebSocket
DEBUG:geventwebsocket.handler:Failed to write closing frame -> closing socket
DEBUG:geventwebsocket.handler:Closed WebSocket
DEBUG:geventwebsocket.handler:Initializing WebSocket
DEBUG:geventwebsocket.handler:Validating WebSocket request
INFO:geventwebsocket.handler:127.0.0.1 - - [2022-10-24 12:06:26] "GET /eel.js HTTP/1.1" 200 6211 0.001000
DEBUG:geventwebsocket.handler:Initializing WebSocket
DEBUG:geventwebsocket.handler:Validating WebSocket request
DEBUG:geventwebsocket.handler:Attempting to upgrade connection
DEBUG:geventwebsocket.handler:WebSocket request accepted, switching protocols
DEBUG:geventwebsocket.handler:Closed WebSocket
DEBUG:geventwebsocket.handler:Failed to write closing frame -> closing socket
DEBUG:geventwebsocket.handler:Closed WebSocket
DEBUG:geventwebsocket.handler:Initializing WebSocket
DEBUG:geventwebsocket.handler:Validating WebSocket request
INFO:geventwebsocket.handler:127.0.0.1 - - [2022-10-24 12:08:41] "GET /eel.js HTTP/1.1" 200 6211 0.001999
DEBUG:geventwebsocket.handler:Initializing WebSocket
DEBUG:geventwebsocket.handler:Validating WebSocket request
DEBUG:geventwebsocket.handler:Attempting to upgrade connection
DEBUG:geventwebsocket.handler:WebSocket request accepted, switching protocols
DEBUG:geventwebsocket.handler:Closed WebSocket
DEBUG:geventwebsocket.handler:Failed to write closing frame -> closing socket
DEBUG:geventwebsocket.handler:Closed WebSocket
DEBUG:geventwebsocket.handler:Closed WebSocket
DEBUG:geventwebsocket.handler:Failed to write closing frame -> closing socket
DEBUG:geventwebsocket.handler:Closed WebSocket
DEBUG:geventwebsocket.handler:Initializing WebSocket
DEBUG:geventwebsocket.handler:Validating WebSocket request
INFO:geventwebsocket.handler:127.0.0.1 - - [2022-10-24 13:29:35] "GET /index.html HTTP/1.1" 200 929 0.003000
DEBUG:geventwebsocket.handler:Initializing WebSocket
DEBUG:geventwebsocket.handler:Validating WebSocket request
INFO:geventwebsocket.handler:127.0.0.1 - - [2022-10-24 13:29:36] "GET /static/js/main.76e744c3.js HTTP/1.1" 200 146753 0.005000
DEBUG:geventwebsocket.handler:Initializing WebSocket
DEBUG:geventwebsocket.handler:Validating WebSocket request
INFO:geventwebsocket.handler:127.0.0.1 - - [2022-10-24 13:29:36] "GET /static/css/main.389d3c42.css HTTP/1.1" 200 6371 0.003000
DEBUG:geventwebsocket.handler:Initializing WebSocket
DEBUG:geventwebsocket.handler:Validating WebSocket request
INFO:geventwebsocket.handler:127.0.0.1 - - [2022-10-24 13:29:36] "GET /eel.js HTTP/1.1" 200 6211 0.002002
DEBUG:geventwebsocket.handler:Initializing WebSocket
DEBUG:geventwebsocket.handler:Validating WebSocket request
DEBUG:geventwebsocket.handler:Attempting to upgrade connection
DEBUG:geventwebsocket.handler:WebSocket request accepted, switching protocols
DEBUG:geventwebsocket.handler:Initializing WebSocket
DEBUG:geventwebsocket.handler:Validating WebSocket request
INFO:geventwebsocket.handler:127.0.0.1 - - [2022-10-24 13:29:36] "GET /manifest.json HTTP/1.1" 200 719 0.002000
DEBUG:geventwebsocket.handler:Initializing WebSocket
DEBUG:geventwebsocket.handler:Validating WebSocket request
INFO:geventwebsocket.handler:127.0.0.1 - - [2022-10-24 13:29:36] "GET /logo192.png HTTP/1.1" 200 5543 0.002047
DEBUG:geventwebsocket.handler:Initializing WebSocket
DEBUG:geventwebsocket.handler:Validating WebSocket request
INFO:geventwebsocket.handler:127.0.0.1 - - [2022-10-24 13:29:37] "GET /eel.js HTTP/1.1" 200 6211 0.001000
DEBUG:geventwebsocket.handler:Initializing WebSocket
DEBUG:geventwebsocket.handler:Validating WebSocket request
DEBUG:geventwebsocket.handler:Attempting to upgrade connection
DEBUG:geventwebsocket.handler:WebSocket request accepted, switching protocols
DEBUG:geventwebsocket.handler:Closed WebSocket
DEBUG:geventwebsocket.handler:Failed to write closing frame -> closing socket
DEBUG:geventwebsocket.handler:Closed WebSocket
DEBUG:geventwebsocket.handler:Initializing WebSocket
DEBUG:geventwebsocket.handler:Validating WebSocket request
INFO:geventwebsocket.handler:127.0.0.1 - - [2022-10-24 13:32:51] "GET /eel.js HTTP/1.1" 200 6211 0.000991
DEBUG:geventwebsocket.handler:Initializing WebSocket
DEBUG:geventwebsocket.handler:Validating WebSocket request
DEBUG:geventwebsocket.handler:Attempting to upgrade connection
DEBUG:geventwebsocket.handler:WebSocket request accepted, switching protocols
DEBUG:geventwebsocket.handler:Closed WebSocket
DEBUG:geventwebsocket.handler:Failed to write closing frame -> closing socket
DEBUG:geventwebsocket.handler:Closed WebSocket
DEBUG:geventwebsocket.handler:Closed WebSocket
DEBUG:geventwebsocket.handler:Failed to write closing frame -> closing socket
DEBUG:geventwebsocket.handler:Closed WebSocket
DEBUG:geventwebsocket.handler:Initializing WebSocket
DEBUG:geventwebsocket.handler:Validating WebSocket request
INFO:geventwebsocket.handler:127.0.0.1 - - [2022-10-24 14:03:52] "GET /index.html HTTP/1.1" 200 929 0.004000
DEBUG:geventwebsocket.handler:Initializing WebSocket
DEBUG:geventwebsocket.handler:Validating WebSocket request
INFO:geventwebsocket.handler:127.0.0.1 - - [2022-10-24 14:03:52] "GET /static/js/main.76e744c3.js HTTP/1.1" 200 146753 0.003001
DEBUG:geventwebsocket.handler:Initializing WebSocket
DEBUG:geventwebsocket.handler:Validating WebSocket request
INFO:geventwebsocket.handler:127.0.0.1 - - [2022-10-24 14:03:52] "GET /static/css/main.389d3c42.css HTTP/1.1" 200 6371 0.021996
DEBUG:geventwebsocket.handler:Initializing WebSocket
DEBUG:geventwebsocket.handler:Validating WebSocket request
INFO:geventwebsocket.handler:127.0.0.1 - - [2022-10-24 14:03:52] "GET /eel.js HTTP/1.1" 200 6211 0.000999
DEBUG:geventwebsocket.handler:Initializing WebSocket
DEBUG:geventwebsocket.handler:Validating WebSocket request
DEBUG:geventwebsocket.handler:Attempting to upgrade connection
DEBUG:geventwebsocket.handler:WebSocket request accepted, switching protocols
DEBUG:geventwebsocket.handler:Initializing WebSocket
DEBUG:geventwebsocket.handler:Validating WebSocket request
INFO:geventwebsocket.handler:127.0.0.1 - - [2022-10-24 14:03:53] "GET /manifest.json HTTP/1.1" 200 719 0.008998
DEBUG:geventwebsocket.handler:Initializing WebSocket
DEBUG:geventwebsocket.handler:Validating WebSocket request
INFO:geventwebsocket.handler:127.0.0.1 - - [2022-10-24 14:03:53] "GET /logo192.png HTTP/1.1" 200 5543 0.003049
DEBUG:geventwebsocket.handler:Initializing WebSocket
DEBUG:geventwebsocket.handler:Validating WebSocket request
INFO:geventwebsocket.handler:127.0.0.1 - - [2022-10-24 14:16:46] "GET /eel.js HTTP/1.1" 200 6211 0.075513
DEBUG:geventwebsocket.handler:Initializing WebSocket
DEBUG:geventwebsocket.handler:Validating WebSocket request
DEBUG:geventwebsocket.handler:Attempting to upgrade connection
DEBUG:geventwebsocket.handler:WebSocket request accepted, switching protocols
DEBUG:geventwebsocket.handler:Closed WebSocket
DEBUG:geventwebsocket.handler:Failed to write closing frame -> closing socket
DEBUG:geventwebsocket.handler:Closed WebSocket
DEBUG:geventwebsocket.handler:Closed WebSocket
DEBUG:geventwebsocket.handler:Failed to write closing frame -> closing socket
DEBUG:geventwebsocket.handler:Closed WebSocket
DEBUG:geventwebsocket.handler:Initializing WebSocket
DEBUG:geventwebsocket.handler:Validating WebSocket request
INFO:geventwebsocket.handler:127.0.0.1 - - [2022-10-24 14:39:39] "GET /index.html HTTP/1.1" 200 929 0.006000
DEBUG:geventwebsocket.handler:Initializing WebSocket
DEBUG:geventwebsocket.handler:Validating WebSocket request
INFO:geventwebsocket.handler:127.0.0.1 - - [2022-10-24 14:39:39] "GET /static/js/main.76e744c3.js HTTP/1.1" 200 146753 0.003000
DEBUG:geventwebsocket.handler:Initializing WebSocket
DEBUG:geventwebsocket.handler:Validating WebSocket request
INFO:geventwebsocket.handler:127.0.0.1 - - [2022-10-24 14:39:39] "GET /static/css/main.389d3c42.css HTTP/1.1" 200 6371 0.003000
DEBUG:geventwebsocket.handler:Initializing WebSocket
DEBUG:geventwebsocket.handler:Validating WebSocket request
INFO:geventwebsocket.handler:127.0.0.1 - - [2022-10-24 14:39:39] "GET /eel.js HTTP/1.1" 200 6211 0.000999
DEBUG:geventwebsocket.handler:Initializing WebSocket
DEBUG:geventwebsocket.handler:Validating WebSocket request
DEBUG:geventwebsocket.handler:Attempting to upgrade connection
DEBUG:geventwebsocket.handler:WebSocket request accepted, switching protocols
DEBUG:geventwebsocket.handler:Initializing WebSocket
DEBUG:geventwebsocket.handler:Validating WebSocket request
INFO:geventwebsocket.handler:127.0.0.1 - - [2022-10-24 14:39:39] "GET /manifest.json HTTP/1.1" 200 719 0.001997
DEBUG:geventwebsocket.handler:Initializing WebSocket
DEBUG:geventwebsocket.handler:Validating WebSocket request
INFO:geventwebsocket.handler:127.0.0.1 - - [2022-10-24 14:39:39] "GET /logo192.png HTTP/1.1" 200 5543 0.002999
DEBUG:geventwebsocket.handler:Initializing WebSocket
DEBUG:geventwebsocket.handler:Validating WebSocket request
INFO:geventwebsocket.handler:127.0.0.1 - - [2022-10-24 14:40:25] "GET /eel.js HTTP/1.1" 200 6211 0.000999
DEBUG:geventwebsocket.handler:Initializing WebSocket
DEBUG:geventwebsocket.handler:Validating WebSocket request
DEBUG:geventwebsocket.handler:Attempting to upgrade connection
DEBUG:geventwebsocket.handler:WebSocket request accepted, switching protocols
DEBUG:geventwebsocket.handler:Initializing WebSocket
DEBUG:geventwebsocket.handler:Validating WebSocket request
INFO:geventwebsocket.handler:127.0.0.1 - - [2022-10-25 22:56:33] "GET /index.html HTTP/1.1" 200 929 0.004000
DEBUG:geventwebsocket.handler:Initializing WebSocket
DEBUG:geventwebsocket.handler:Validating WebSocket request
INFO:geventwebsocket.handler:127.0.0.1 - - [2022-10-25 22:56:33] "GET /static/js/main.76e744c3.js HTTP/1.1" 200 146753 0.002999
DEBUG:geventwebsocket.handler:Initializing WebSocket
DEBUG:geventwebsocket.handler:Validating WebSocket request
INFO:geventwebsocket.handler:127.0.0.1 - - [2022-10-25 22:56:33] "GET /static/css/main.389d3c42.css HTTP/1.1" 200 6371 0.018000
DEBUG:geventwebsocket.handler:Initializing WebSocket
DEBUG:geventwebsocket.handler:Validating WebSocket request
INFO:geventwebsocket.handler:127.0.0.1 - - [2022-10-25 22:56:33] "GET /eel.js HTTP/1.1" 200 6211 0.001000
DEBUG:geventwebsocket.handler:Initializing WebSocket
DEBUG:geventwebsocket.handler:Validating WebSocket request
DEBUG:geventwebsocket.handler:Attempting to upgrade connection
DEBUG:geventwebsocket.handler:WebSocket request accepted, switching protocols
DEBUG:geventwebsocket.handler:Initializing WebSocket
DEBUG:geventwebsocket.handler:Validating WebSocket request
INFO:geventwebsocket.handler:127.0.0.1 - - [2022-10-25 22:56:34] "GET /manifest.json HTTP/1.1" 200 719 0.013998
DEBUG:geventwebsocket.handler:Initializing WebSocket
DEBUG:geventwebsocket.handler:Validating WebSocket request
INFO:geventwebsocket.handler:127.0.0.1 - - [2022-10-25 22:56:34] "GET /logo192.png HTTP/1.1" 200 5543 0.002999
DEBUG:geventwebsocket.handler:Initializing WebSocket
DEBUG:geventwebsocket.handler:Validating WebSocket request
INFO:geventwebsocket.handler:127.0.0.1 - - [2022-10-25 22:56:37] "GET /eel.js HTTP/1.1" 200 6211 0.001000
DEBUG:geventwebsocket.handler:Initializing WebSocket
DEBUG:geventwebsocket.handler:Validating WebSocket request
DEBUG:geventwebsocket.handler:Attempting to upgrade connection
DEBUG:geventwebsocket.handler:WebSocket request accepted, switching protocols
